<?xml version="1.0" encoding="UTF-8"?>
<testsuite name="com.example.demo.FetchServiceTest" tests="7" skipped="0" failures="0" errors="0" timestamp="2023-09-06T02:21:10" hostname="Phillips-MBP.home" time="0.669">
  <properties/>
  <testcase name="testReceiptProcess()" classname="com.example.demo.FetchServiceTest" time="0.647"/>
  <testcase name="missingItemFields()" classname="com.example.demo.FetchServiceTest" time="0.004"/>
  <testcase name="badDate()" classname="com.example.demo.FetchServiceTest" time="0.002"/>
  <testcase name="badTime()" classname="com.example.demo.FetchServiceTest" time="0.002"/>
  <testcase name="testMissingIdReceipt()" classname="com.example.demo.FetchServiceTest" time="0.002"/>
  <testcase name="testReceiptProcessEdgeDate()" classname="com.example.demo.FetchServiceTest" time="0.002"/>
  <testcase name="testReceiptProcessTwo()" classname="com.example.demo.FetchServiceTest" time="0.002"/>
  <system-out><![CDATA[21:21:09.020 [Test worker] INFO org.springframework.test.context.support.AnnotationConfigContextLoaderUtils -- Could not detect default configuration classes for test class [com.example.demo.FetchServiceTest]: FetchServiceTest does not declare any static, non-private, non-final, nested classes annotated with @Configuration.
21:21:09.089 [Test worker] INFO org.springframework.boot.test.context.SpringBootTestContextBootstrapper -- Found @SpringBootConfiguration com.example.demo.DemoApplication for test class com.example.demo.FetchServiceTest

  .   ____          _            __ _ _
 /\\ / ___'_ __ _ _(_)_ __  __ _ \ \ \ \
( ( )\___ | '_ | '_| | '_ \/ _` | \ \ \ \
 \\/  ___)| |_)| | | | | || (_| |  ) ) ) )
  '  |____| .__|_| |_|_| |_\__, | / / / /
 =========|_|==============|___/=/_/_/_/
 :: Spring Boot ::       (v3.1.4-SNAPSHOT)

2023-09-05T21:21:09.325-05:00  INFO 2434 --- [    Test worker] com.example.demo.FetchServiceTest        : Starting FetchServiceTest using Java 17.0.8 with PID 2434 (started by psajaev in /Users/psajaev/CodeProjects/FetchTest)
2023-09-05T21:21:09.326-05:00  INFO 2434 --- [    Test worker] com.example.demo.FetchServiceTest        : The following 1 profile is active: "local"
2023-09-05T21:21:10.140-05:00  INFO 2434 --- [    Test worker] com.example.demo.FetchServiceTest        : Started FetchServiceTest in 0.965 seconds (process running for 1.664)
2023-09-05T21:21:10.752-05:00  INFO 2434 --- [    Test worker] com.example.demo.service.FetchService    : Final Value of points for id receipt 49f521db-22cf-4847-b47c-6d55909984f5 is 28
2023-09-05T21:21:10.818-05:00  INFO 2434 --- [    Test worker] com.example.demo.service.FetchService    : Final Value of points for id receipt 5ab1ad8e-7534-4580-9847-beb6ed367d18 is 99
2023-09-05T21:21:10.821-05:00  INFO 2434 --- [    Test worker] com.example.demo.service.FetchService    : Final Value of points for id receipt 525cefdd-ed21-4859-903a-516eba473b49 is 109
]]></system-out>
  <system-err><![CDATA[]]></system-err>
</testsuite>
